<?xml version="1.0" encoding="UTF-8"?>
<testsuite name="StringPoolTest" tests="1" skipped="0" failures="0" errors="0" timestamp="2025-01-26T09:00:00" hostname="DESKTOP-DSIM264" time="0.037">
  <properties/>
  <testcase name="InterningTest()" classname="StringPoolTest" time="0.037"/>
  <system-out><![CDATA[]]></system-out>
  <system-err><![CDATA[]]></system-err>
</testsuite>
