<?xml version="1.0" encoding="UTF-8"?>
<testsuite name="StringConcatenationTest" tests="1" skipped="0" failures="0" errors="0" timestamp="2025-01-21T11:51:01" hostname="DESKTOP-3DBO4P2" time="0.016">
  <properties/>
  <testcase name="String_concat()" classname="StringConcatenationTest" time="0.016"/>
  <system-out><![CDATA[]]></system-out>
  <system-err><![CDATA[]]></system-err>
</testsuite>
