<?xml version="1.0" encoding="UTF-8"?>
<testsuite name="StringImmutableTest" tests="1" skipped="0" failures="0" errors="0" timestamp="2025-01-20T13:55:20" hostname="DESKTOP-3DBO4P2" time="0.017">
  <properties/>
  <testcase name="stringIsThreadSafe()" classname="StringImmutableTest" time="0.017"/>
  <system-out><![CDATA[]]></system-out>
  <system-err><![CDATA[]]></system-err>
</testsuite>
